<?xml version="1.0" encoding="UTF-8"?>
<coverage generated="1743034885533" clover="3.2.0">
  <project timestamp="1743034885533" name="All files">
    <metrics statements="55" coveredstatements="54" conditionals="32" coveredconditionals="28" methods="24" coveredmethods="23" elements="111" coveredelements="105" complexity="0" loc="55" ncloc="55" packages="1" files="1" classes="1"/>
    <file name="eventsService.js" path="D:\Facultate\Semestrul 4\MPP\mpp-evently\frontend\src\services\eventsService.js">
      <metrics statements="55" coveredstatements="54" conditionals="32" coveredconditionals="28" methods="24" coveredmethods="23"/>
      <line num="3" count="1" type="stmt"/>
      <line num="37" count="1" type="stmt"/>
      <line num="38" count="1" type="stmt"/>
      <line num="40" count="1" type="stmt"/>
      <line num="41" count="1" type="stmt"/>
      <line num="43" count="1" type="stmt"/>
      <line num="44" count="25" type="cond" truecount="3" falsecount="0"/>
      <line num="49" count="4" type="cond" truecount="2" falsecount="0"/>
      <line num="53" count="1" type="stmt"/>
      <line num="58" count="3" type="stmt"/>
      <line num="62" count="4" type="stmt"/>
      <line num="64" count="1" type="stmt"/>
      <line num="65" count="2" type="stmt"/>
      <line num="66" count="1" type="cond" truecount="1" falsecount="1"/>
      <line num="67" count="2" type="stmt"/>
      <line num="69" count="1" type="stmt"/>
      <line num="70" count="3" type="cond" truecount="2" falsecount="0"/>
      <line num="71" count="1" type="stmt"/>
      <line num="76" count="3" type="cond" truecount="2" falsecount="0"/>
      <line num="77" count="1" type="stmt"/>
      <line num="82" count="3" type="cond" truecount="1" falsecount="1"/>
      <line num="83" count="0" type="stmt"/>
      <line num="90" count="1" type="stmt"/>
      <line num="92" count="6" type="cond" truecount="2" falsecount="0"/>
      <line num="94" count="2" type="stmt"/>
      <line num="100" count="6" type="cond" truecount="2" falsecount="0"/>
      <line num="102" count="2" type="stmt"/>
      <line num="108" count="3" type="cond" truecount="2" falsecount="0"/>
      <line num="110" count="1" type="stmt"/>
      <line num="117" count="1" type="stmt"/>
      <line num="122" count="102" type="stmt"/>
      <line num="126" count="1" type="stmt"/>
      <line num="127" count="1" type="stmt"/>
      <line num="129" count="1" type="stmt"/>
      <line num="130" count="25" type="cond" truecount="3" falsecount="0"/>
      <line num="135" count="1" type="stmt"/>
      <line num="140" count="1" type="stmt"/>
      <line num="142" count="1" type="cond" truecount="1" falsecount="1"/>
      <line num="144" count="25" type="stmt"/>
      <line num="146" count="1" type="stmt"/>
      <line num="155" count="1" type="stmt"/>
      <line num="157" count="1" type="cond" truecount="1" falsecount="1"/>
      <line num="159" count="1" type="stmt"/>
      <line num="163" count="1" type="stmt"/>
      <line num="165" count="1" type="stmt"/>
      <line num="167" count="1" type="stmt"/>
      <line num="173" count="52" type="stmt"/>
      <line num="174" count="2" type="stmt"/>
      <line num="178" count="7" type="stmt"/>
      <line num="180" count="7" type="cond" truecount="2" falsecount="0"/>
      <line num="182" count="7" type="cond" truecount="2" falsecount="0"/>
      <line num="183" count="1" type="stmt"/>
      <line num="185" count="7" type="cond" truecount="2" falsecount="0"/>
      <line num="186" count="1" type="stmt"/>
      <line num="187" count="7" type="stmt"/>
    </file>
  </project>
</coverage>
