<?xml version="1.0" encoding="UTF-8"?>
<coverage generated="1743089934586" clover="3.2.0">
  <project timestamp="1743089934587" name="All files">
    <metrics statements="55" coveredstatements="54" conditionals="32" coveredconditionals="28" methods="24" coveredmethods="23" elements="111" coveredelements="105" complexity="0" loc="55" ncloc="55" packages="1" files="2" classes="2"/>
    <file name="data.js" path="D:\Facultate\Semestrul 4\MPP\mpp-evently\frontend\src\services\data.js">
      <metrics statements="1" coveredstatements="1" conditionals="0" coveredconditionals="0" methods="0" coveredmethods="0"/>
      <line num="1" count="1" type="stmt"/>
    </file>
    <file name="eventsService.js" path="D:\Facultate\Semestrul 4\MPP\mpp-evently\frontend\src\services\eventsService.js">
      <metrics statements="54" coveredstatements="53" conditionals="32" coveredconditionals="28" methods="24" coveredmethods="23"/>
      <line num="7" count="1" type="stmt"/>
      <line num="8" count="1" type="stmt"/>
      <line num="10" count="1" type="stmt"/>
      <line num="11" count="1" type="stmt"/>
      <line num="13" count="1" type="stmt"/>
      <line num="14" count="25" type="cond" truecount="3" falsecount="0"/>
      <line num="19" count="4" type="cond" truecount="2" falsecount="0"/>
      <line num="23" count="1" type="stmt"/>
      <line num="28" count="3" type="stmt"/>
      <line num="32" count="4" type="stmt"/>
      <line num="34" count="1" type="stmt"/>
      <line num="35" count="2" type="stmt"/>
      <line num="36" count="1" type="cond" truecount="1" falsecount="1"/>
      <line num="37" count="2" type="stmt"/>
      <line num="39" count="1" type="stmt"/>
      <line num="40" count="3" type="cond" truecount="2" falsecount="0"/>
      <line num="41" count="1" type="stmt"/>
      <line num="46" count="3" type="cond" truecount="2" falsecount="0"/>
      <line num="47" count="1" type="stmt"/>
      <line num="52" count="3" type="cond" truecount="1" falsecount="1"/>
      <line num="53" count="0" type="stmt"/>
      <line num="60" count="1" type="stmt"/>
      <line num="62" count="6" type="cond" truecount="2" falsecount="0"/>
      <line num="64" count="2" type="stmt"/>
      <line num="70" count="6" type="cond" truecount="2" falsecount="0"/>
      <line num="72" count="2" type="stmt"/>
      <line num="78" count="3" type="cond" truecount="2" falsecount="0"/>
      <line num="80" count="1" type="stmt"/>
      <line num="87" count="1" type="stmt"/>
      <line num="92" count="102" type="stmt"/>
      <line num="96" count="1" type="stmt"/>
      <line num="97" count="1" type="stmt"/>
      <line num="99" count="1" type="stmt"/>
      <line num="100" count="25" type="cond" truecount="3" falsecount="0"/>
      <line num="105" count="1" type="stmt"/>
      <line num="110" count="1" type="stmt"/>
      <line num="112" count="1" type="cond" truecount="1" falsecount="1"/>
      <line num="114" count="25" type="stmt"/>
      <line num="116" count="1" type="stmt"/>
      <line num="125" count="1" type="stmt"/>
      <line num="127" count="1" type="cond" truecount="1" falsecount="1"/>
      <line num="129" count="1" type="stmt"/>
      <line num="133" count="1" type="stmt"/>
      <line num="135" count="1" type="stmt"/>
      <line num="137" count="1" type="stmt"/>
      <line num="143" count="52" type="stmt"/>
      <line num="144" count="2" type="stmt"/>
      <line num="148" count="7" type="stmt"/>
      <line num="150" count="7" type="cond" truecount="2" falsecount="0"/>
      <line num="152" count="7" type="cond" truecount="2" falsecount="0"/>
      <line num="153" count="1" type="stmt"/>
      <line num="155" count="7" type="cond" truecount="2" falsecount="0"/>
      <line num="156" count="1" type="stmt"/>
      <line num="157" count="7" type="stmt"/>
    </file>
  </project>
</coverage>
