{"D:\\Facultate\\Semestrul 4\\MPP\\mpp-evently\\frontend\\src\\services\\eventsService.js": {"path":"D:\\Facultate\\Semestrul 4\\MPP\\mpp-evently\\frontend\\src\\services\\eventsService.js","statementMap":{"0":{"start":{"line":3,"column":20},"end":{"line":33,"column":3}},"1":{"start":{"line":37,"column":18},"end":{"line":37,"column":45}},"2":{"start":{"line":38,"column":16},"end":{"line":38,"column":39}},"3":{"start":{"line":40,"column":30},"end":{"line":40,"column":90}},"4":{"start":{"line":41,"column":28},"end":{"line":41,"column":86}},"5":{"start":{"line":43,"column":19},"end":{"line":47,"column":5}},"6":{"start":{"line":44,"column":8},"end":{"line":46,"column":57}},"7":{"start":{"line":49,"column":19},"end":{"line":49,"column":118}},"8":{"start":{"line":49,"column":59},"end":{"line":49,"column":117}},"9":{"start":{"line":53,"column":4},"end":{"line":53,"column":39}},"10":{"start":{"line":58,"column":20},"end":{"line":62,"column":41}},"11":{"start":{"line":58,"column":41},"end":{"line":61,"column":5}},"12":{"start":{"line":62,"column":19},"end":{"line":62,"column":40}},"13":{"start":{"line":64,"column":16},"end":{"line":64,"column":17}},"14":{"start":{"line":65,"column":17},"end":{"line":65,"column":53}},"15":{"start":{"line":65,"column":48},"end":{"line":65,"column":52}},"16":{"start":{"line":66,"column":20},"end":{"line":66,"column":131}},"17":{"start":{"line":66,"column":101},"end":{"line":66,"column":105}},"18":{"start":{"line":66,"column":126},"end":{"line":66,"column":130}},"19":{"start":{"line":67,"column":20},"end":{"line":67,"column":54}},"20":{"start":{"line":67,"column":49},"end":{"line":67,"column":53}},"21":{"start":{"line":69,"column":4},"end":{"line":88,"column":7}},"22":{"start":{"line":70,"column":8},"end":{"line":75,"column":9}},"23":{"start":{"line":71,"column":12},"end":{"line":74,"column":13}},"24":{"start":{"line":76,"column":8},"end":{"line":81,"column":9}},"25":{"start":{"line":77,"column":12},"end":{"line":80,"column":13}},"26":{"start":{"line":82,"column":8},"end":{"line":87,"column":9}},"27":{"start":{"line":83,"column":12},"end":{"line":86,"column":13}},"28":{"start":{"line":90,"column":4},"end":{"line":115,"column":5}},"29":{"start":{"line":90,"column":16},"end":{"line":90,"column":17}},"30":{"start":{"line":92,"column":8},"end":{"line":98,"column":9}},"31":{"start":{"line":92,"column":28},"end":{"line":92,"column":46}},"32":{"start":{"line":94,"column":12},"end":{"line":97,"column":13}},"33":{"start":{"line":100,"column":8},"end":{"line":106,"column":9}},"34":{"start":{"line":100,"column":31},"end":{"line":100,"column":49}},"35":{"start":{"line":102,"column":12},"end":{"line":105,"column":13}},"36":{"start":{"line":108,"column":8},"end":{"line":114,"column":9}},"37":{"start":{"line":108,"column":31},"end":{"line":108,"column":49}},"38":{"start":{"line":110,"column":12},"end":{"line":113,"column":13}},"39":{"start":{"line":117,"column":4},"end":{"line":117,"column":18}},"40":{"start":{"line":122,"column":4},"end":{"line":122,"column":44}},"41":{"start":{"line":122,"column":28},"end":{"line":122,"column":39}},"42":{"start":{"line":126,"column":30},"end":{"line":126,"column":90}},"43":{"start":{"line":127,"column":28},"end":{"line":127,"column":86}},"44":{"start":{"line":129,"column":19},"end":{"line":133,"column":5}},"45":{"start":{"line":130,"column":8},"end":{"line":132,"column":57}},"46":{"start":{"line":135,"column":4},"end":{"line":135,"column":27}},"47":{"start":{"line":140,"column":19},"end":{"line":140,"column":39}},"48":{"start":{"line":142,"column":4},"end":{"line":142,"column":40}},"49":{"start":{"line":142,"column":26},"end":{"line":142,"column":40}},"50":{"start":{"line":144,"column":20},"end":{"line":144,"column":64}},"51":{"start":{"line":144,"column":50},"end":{"line":144,"column":58}},"52":{"start":{"line":146,"column":4},"end":{"line":149,"column":7}},"53":{"start":{"line":155,"column":19},"end":{"line":155,"column":39}},"54":{"start":{"line":157,"column":4},"end":{"line":157,"column":40}},"55":{"start":{"line":157,"column":26},"end":{"line":157,"column":40}},"56":{"start":{"line":159,"column":21},"end":{"line":162,"column":5}},"57":{"start":{"line":163,"column":4},"end":{"line":163,"column":28}},"58":{"start":{"line":165,"column":4},"end":{"line":165,"column":29}},"59":{"start":{"line":167,"column":4},"end":{"line":167,"column":24}},"60":{"start":{"line":173,"column":18},"end":{"line":173,"column":64}},"61":{"start":{"line":173,"column":48},"end":{"line":173,"column":59}},"62":{"start":{"line":174,"column":4},"end":{"line":174,"column":25}},"63":{"start":{"line":178,"column":17},"end":{"line":178,"column":19}},"64":{"start":{"line":180,"column":4},"end":{"line":180,"column":57}},"65":{"start":{"line":180,"column":26},"end":{"line":180,"column":57}},"66":{"start":{"line":182,"column":4},"end":{"line":183,"column":57}},"67":{"start":{"line":183,"column":8},"end":{"line":183,"column":57}},"68":{"start":{"line":185,"column":4},"end":{"line":186,"column":44}},"69":{"start":{"line":186,"column":8},"end":{"line":186,"column":44}},"70":{"start":{"line":187,"column":4},"end":{"line":187,"column":18}}},"fnMap":{"0":{"name":"getEventsAPI","decl":{"start":{"line":35,"column":22},"end":{"line":35,"column":34}},"loc":{"start":{"line":35,"column":70},"end":{"line":54,"column":1}},"line":35},"1":{"name":"(anonymous_1)","decl":{"start":{"line":43,"column":31},"end":{"line":43,"column":32}},"loc":{"start":{"line":44,"column":8},"end":{"line":46,"column":57}},"line":44},"2":{"name":"(anonymous_2)","decl":{"start":{"line":49,"column":50},"end":{"line":49,"column":51}},"loc":{"start":{"line":49,"column":59},"end":{"line":49,"column":117}},"line":49},"3":{"name":"addLengthStatistics","decl":{"start":{"line":56,"column":9},"end":{"line":56,"column":28}},"loc":{"start":{"line":56,"column":36},"end":{"line":118,"column":1}},"line":56},"4":{"name":"(anonymous_4)","decl":{"start":{"line":58,"column":31},"end":{"line":58,"column":32}},"loc":{"start":{"line":58,"column":41},"end":{"line":61,"column":5}},"line":58},"5":{"name":"(anonymous_5)","decl":{"start":{"line":62,"column":10},"end":{"line":62,"column":11}},"loc":{"start":{"line":62,"column":19},"end":{"line":62,"column":40}},"line":62},"6":{"name":"(anonymous_6)","decl":{"start":{"line":65,"column":43},"end":{"line":65,"column":44}},"loc":{"start":{"line":65,"column":48},"end":{"line":65,"column":52}},"line":65},"7":{"name":"(anonymous_7)","decl":{"start":{"line":66,"column":96},"end":{"line":66,"column":97}},"loc":{"start":{"line":66,"column":101},"end":{"line":66,"column":105}},"line":66},"8":{"name":"(anonymous_8)","decl":{"start":{"line":66,"column":121},"end":{"line":66,"column":122}},"loc":{"start":{"line":66,"column":126},"end":{"line":66,"column":130}},"line":66},"9":{"name":"(anonymous_9)","decl":{"start":{"line":67,"column":44},"end":{"line":67,"column":45}},"loc":{"start":{"line":67,"column":49},"end":{"line":67,"column":53}},"line":67},"10":{"name":"(anonymous_10)","decl":{"start":{"line":69,"column":19},"end":{"line":69,"column":20}},"loc":{"start":{"line":69,"column":30},"end":{"line":88,"column":5}},"line":69},"11":{"name":"(anonymous_11)","decl":{"start":{"line":92,"column":23},"end":{"line":92,"column":24}},"loc":{"start":{"line":92,"column":28},"end":{"line":92,"column":46}},"line":92},"12":{"name":"(anonymous_12)","decl":{"start":{"line":100,"column":26},"end":{"line":100,"column":27}},"loc":{"start":{"line":100,"column":31},"end":{"line":100,"column":49}},"line":100},"13":{"name":"(anonymous_13)","decl":{"start":{"line":108,"column":26},"end":{"line":108,"column":27}},"loc":{"start":{"line":108,"column":31},"end":{"line":108,"column":49}},"line":108},"14":{"name":"getEventAPI","decl":{"start":{"line":121,"column":22},"end":{"line":121,"column":33}},"loc":{"start":{"line":121,"column":38},"end":{"line":123,"column":1}},"line":121},"15":{"name":"(anonymous_15)","decl":{"start":{"line":122,"column":23},"end":{"line":122,"column":24}},"loc":{"start":{"line":122,"column":28},"end":{"line":122,"column":39}},"line":122},"16":{"name":"getEventsCountAPI","decl":{"start":{"line":125,"column":22},"end":{"line":125,"column":39}},"loc":{"start":{"line":125,"column":51},"end":{"line":136,"column":1}},"line":125},"17":{"name":"(anonymous_17)","decl":{"start":{"line":129,"column":31},"end":{"line":129,"column":32}},"loc":{"start":{"line":130,"column":8},"end":{"line":132,"column":57}},"line":130},"18":{"name":"addEventAPI","decl":{"start":{"line":138,"column":22},"end":{"line":138,"column":33}},"loc":{"start":{"line":138,"column":40},"end":{"line":151,"column":1}},"line":138},"19":{"name":"(anonymous_19)","decl":{"start":{"line":144,"column":41},"end":{"line":144,"column":42}},"loc":{"start":{"line":144,"column":50},"end":{"line":144,"column":58}},"line":144},"20":{"name":"updateEventAPI","decl":{"start":{"line":153,"column":22},"end":{"line":153,"column":36}},"loc":{"start":{"line":153,"column":46},"end":{"line":169,"column":1}},"line":153},"21":{"name":"deleteEventAPI","decl":{"start":{"line":171,"column":22},"end":{"line":171,"column":36}},"loc":{"start":{"line":171,"column":41},"end":{"line":175,"column":1}},"line":171},"22":{"name":"(anonymous_22)","decl":{"start":{"line":173,"column":43},"end":{"line":173,"column":44}},"loc":{"start":{"line":173,"column":48},"end":{"line":173,"column":59}},"line":173},"23":{"name":"validateEvent","decl":{"start":{"line":177,"column":16},"end":{"line":177,"column":29}},"loc":{"start":{"line":177,"column":36},"end":{"line":188,"column":1}},"line":177}},"branchMap":{"0":{"loc":{"start":{"line":44,"column":8},"end":{"line":46,"column":57}},"type":"binary-expr","locations":[{"start":{"line":44,"column":8},"end":{"line":44,"column":52}},{"start":{"line":45,"column":8},"end":{"line":45,"column":50}},{"start":{"line":46,"column":8},"end":{"line":46,"column":57}}],"line":44},"1":{"loc":{"start":{"line":49,"column":59},"end":{"line":49,"column":117}},"type":"cond-expr","locations":[{"start":{"line":49,"column":111},"end":{"line":49,"column":113}},{"start":{"line":49,"column":116},"end":{"line":49,"column":117}}],"line":49},"2":{"loc":{"start":{"line":66,"column":20},"end":{"line":66,"column":131}},"type":"cond-expr","locations":[{"start":{"line":66,"column":41},"end":{"line":66,"column":106}},{"start":{"line":66,"column":109},"end":{"line":66,"column":131}}],"line":66},"3":{"loc":{"start":{"line":70,"column":8},"end":{"line":75,"column":9}},"type":"if","locations":[{"start":{"line":70,"column":8},"end":{"line":75,"column":9}},{"start":{},"end":{}}],"line":70},"4":{"loc":{"start":{"line":76,"column":8},"end":{"line":81,"column":9}},"type":"if","locations":[{"start":{"line":76,"column":8},"end":{"line":81,"column":9}},{"start":{},"end":{}}],"line":76},"5":{"loc":{"start":{"line":82,"column":8},"end":{"line":87,"column":9}},"type":"if","locations":[{"start":{"line":82,"column":8},"end":{"line":87,"column":9}},{"start":{},"end":{}}],"line":82},"6":{"loc":{"start":{"line":92,"column":8},"end":{"line":98,"column":9}},"type":"if","locations":[{"start":{"line":92,"column":8},"end":{"line":98,"column":9}},{"start":{},"end":{}}],"line":92},"7":{"loc":{"start":{"line":100,"column":8},"end":{"line":106,"column":9}},"type":"if","locations":[{"start":{"line":100,"column":8},"end":{"line":106,"column":9}},{"start":{},"end":{}}],"line":100},"8":{"loc":{"start":{"line":108,"column":8},"end":{"line":114,"column":9}},"type":"if","locations":[{"start":{"line":108,"column":8},"end":{"line":114,"column":9}},{"start":{},"end":{}}],"line":108},"9":{"loc":{"start":{"line":130,"column":8},"end":{"line":132,"column":57}},"type":"binary-expr","locations":[{"start":{"line":130,"column":8},"end":{"line":130,"column":52}},{"start":{"line":131,"column":8},"end":{"line":131,"column":50}},{"start":{"line":132,"column":8},"end":{"line":132,"column":57}}],"line":130},"10":{"loc":{"start":{"line":142,"column":4},"end":{"line":142,"column":40}},"type":"if","locations":[{"start":{"line":142,"column":4},"end":{"line":142,"column":40}},{"start":{},"end":{}}],"line":142},"11":{"loc":{"start":{"line":157,"column":4},"end":{"line":157,"column":40}},"type":"if","locations":[{"start":{"line":157,"column":4},"end":{"line":157,"column":40}},{"start":{},"end":{}}],"line":157},"12":{"loc":{"start":{"line":180,"column":4},"end":{"line":180,"column":57}},"type":"if","locations":[{"start":{"line":180,"column":4},"end":{"line":180,"column":57}},{"start":{},"end":{}}],"line":180},"13":{"loc":{"start":{"line":182,"column":4},"end":{"line":183,"column":57}},"type":"if","locations":[{"start":{"line":182,"column":4},"end":{"line":183,"column":57}},{"start":{},"end":{}}],"line":182},"14":{"loc":{"start":{"line":185,"column":4},"end":{"line":186,"column":44}},"type":"if","locations":[{"start":{"line":185,"column":4},"end":{"line":186,"column":44}},{"start":{},"end":{}}],"line":185}},"s":{"0":1,"1":1,"2":1,"3":1,"4":1,"5":1,"6":25,"7":1,"8":4,"9":1,"10":1,"11":3,"12":4,"13":1,"14":1,"15":2,"16":1,"17":1,"18":0,"19":1,"20":2,"21":1,"22":3,"23":1,"24":3,"25":1,"26":3,"27":0,"28":1,"29":1,"30":3,"31":6,"32":2,"33":3,"34":6,"35":2,"36":3,"37":3,"38":1,"39":1,"40":4,"41":102,"42":1,"43":1,"44":1,"45":25,"46":1,"47":1,"48":1,"49":0,"50":1,"51":25,"52":1,"53":1,"54":1,"55":0,"56":1,"57":1,"58":1,"59":1,"60":2,"61":52,"62":2,"63":7,"64":7,"65":1,"66":7,"67":1,"68":7,"69":1,"70":7},"f":{"0":1,"1":25,"2":4,"3":1,"4":3,"5":4,"6":2,"7":1,"8":0,"9":2,"10":3,"11":6,"12":6,"13":3,"14":4,"15":102,"16":1,"17":25,"18":1,"19":25,"20":1,"21":2,"22":52,"23":7},"b":{"0":[25,25,5],"1":[2,2],"2":[1,0],"3":[1,2],"4":[1,2],"5":[0,3],"6":[2,1],"7":[2,1],"8":[1,2],"9":[25,25,5],"10":[0,1],"11":[0,1],"12":[1,6],"13":[1,6],"14":[1,6]},"_coverageSchema":"1a1c01bbd47fc00a2c39e90264f33305004495a9","hash":"c9e4e222f4eab6590ea1a03c8e465376b01c55fb"}
}
