{"D:\\Facultate\\Semestrul 4\\MPP\\mpp-evently\\frontend\\src\\services\\data.js": {"path":"D:\\Facultate\\Semestrul 4\\MPP\\mpp-evently\\frontend\\src\\services\\data.js","statementMap":{"0":{"start":{"line":1,"column":20},"end":{"line":31,"column":1}}},"fnMap":{},"branchMap":{},"s":{"0":1},"f":{},"b":{},"_coverageSchema":"1a1c01bbd47fc00a2c39e90264f33305004495a9","hash":"453de2b9fb94e52aa0af8a950b026ed308958ed1"}
,"D:\\Facultate\\Semestrul 4\\MPP\\mpp-evently\\frontend\\src\\services\\eventsService.js": {"path":"D:\\Facultate\\Semestrul 4\\MPP\\mpp-evently\\frontend\\src\\services\\eventsService.js","statementMap":{"0":{"start":{"line":7,"column":18},"end":{"line":7,"column":45}},"1":{"start":{"line":8,"column":16},"end":{"line":8,"column":39}},"2":{"start":{"line":10,"column":30},"end":{"line":10,"column":90}},"3":{"start":{"line":11,"column":28},"end":{"line":11,"column":86}},"4":{"start":{"line":13,"column":19},"end":{"line":17,"column":5}},"5":{"start":{"line":14,"column":8},"end":{"line":16,"column":57}},"6":{"start":{"line":19,"column":19},"end":{"line":19,"column":118}},"7":{"start":{"line":19,"column":59},"end":{"line":19,"column":117}},"8":{"start":{"line":23,"column":4},"end":{"line":23,"column":39}},"9":{"start":{"line":28,"column":20},"end":{"line":32,"column":41}},"10":{"start":{"line":28,"column":41},"end":{"line":31,"column":5}},"11":{"start":{"line":32,"column":19},"end":{"line":32,"column":40}},"12":{"start":{"line":34,"column":16},"end":{"line":34,"column":17}},"13":{"start":{"line":35,"column":17},"end":{"line":35,"column":53}},"14":{"start":{"line":35,"column":48},"end":{"line":35,"column":52}},"15":{"start":{"line":36,"column":20},"end":{"line":36,"column":131}},"16":{"start":{"line":36,"column":101},"end":{"line":36,"column":105}},"17":{"start":{"line":36,"column":126},"end":{"line":36,"column":130}},"18":{"start":{"line":37,"column":20},"end":{"line":37,"column":54}},"19":{"start":{"line":37,"column":49},"end":{"line":37,"column":53}},"20":{"start":{"line":39,"column":4},"end":{"line":58,"column":7}},"21":{"start":{"line":40,"column":8},"end":{"line":45,"column":9}},"22":{"start":{"line":41,"column":12},"end":{"line":44,"column":13}},"23":{"start":{"line":46,"column":8},"end":{"line":51,"column":9}},"24":{"start":{"line":47,"column":12},"end":{"line":50,"column":13}},"25":{"start":{"line":52,"column":8},"end":{"line":57,"column":9}},"26":{"start":{"line":53,"column":12},"end":{"line":56,"column":13}},"27":{"start":{"line":60,"column":4},"end":{"line":85,"column":5}},"28":{"start":{"line":60,"column":16},"end":{"line":60,"column":17}},"29":{"start":{"line":62,"column":8},"end":{"line":68,"column":9}},"30":{"start":{"line":62,"column":28},"end":{"line":62,"column":46}},"31":{"start":{"line":64,"column":12},"end":{"line":67,"column":13}},"32":{"start":{"line":70,"column":8},"end":{"line":76,"column":9}},"33":{"start":{"line":70,"column":31},"end":{"line":70,"column":49}},"34":{"start":{"line":72,"column":12},"end":{"line":75,"column":13}},"35":{"start":{"line":78,"column":8},"end":{"line":84,"column":9}},"36":{"start":{"line":78,"column":31},"end":{"line":78,"column":49}},"37":{"start":{"line":80,"column":12},"end":{"line":83,"column":13}},"38":{"start":{"line":87,"column":4},"end":{"line":87,"column":18}},"39":{"start":{"line":92,"column":4},"end":{"line":92,"column":44}},"40":{"start":{"line":92,"column":28},"end":{"line":92,"column":39}},"41":{"start":{"line":96,"column":30},"end":{"line":96,"column":90}},"42":{"start":{"line":97,"column":28},"end":{"line":97,"column":86}},"43":{"start":{"line":99,"column":19},"end":{"line":103,"column":5}},"44":{"start":{"line":100,"column":8},"end":{"line":102,"column":57}},"45":{"start":{"line":105,"column":4},"end":{"line":105,"column":27}},"46":{"start":{"line":110,"column":19},"end":{"line":110,"column":39}},"47":{"start":{"line":112,"column":4},"end":{"line":112,"column":40}},"48":{"start":{"line":112,"column":26},"end":{"line":112,"column":40}},"49":{"start":{"line":114,"column":20},"end":{"line":114,"column":64}},"50":{"start":{"line":114,"column":50},"end":{"line":114,"column":58}},"51":{"start":{"line":116,"column":4},"end":{"line":119,"column":7}},"52":{"start":{"line":125,"column":19},"end":{"line":125,"column":39}},"53":{"start":{"line":127,"column":4},"end":{"line":127,"column":40}},"54":{"start":{"line":127,"column":26},"end":{"line":127,"column":40}},"55":{"start":{"line":129,"column":21},"end":{"line":132,"column":5}},"56":{"start":{"line":133,"column":4},"end":{"line":133,"column":28}},"57":{"start":{"line":135,"column":4},"end":{"line":135,"column":29}},"58":{"start":{"line":137,"column":4},"end":{"line":137,"column":24}},"59":{"start":{"line":143,"column":18},"end":{"line":143,"column":64}},"60":{"start":{"line":143,"column":48},"end":{"line":143,"column":59}},"61":{"start":{"line":144,"column":4},"end":{"line":144,"column":25}},"62":{"start":{"line":148,"column":17},"end":{"line":148,"column":19}},"63":{"start":{"line":150,"column":4},"end":{"line":150,"column":57}},"64":{"start":{"line":150,"column":26},"end":{"line":150,"column":57}},"65":{"start":{"line":152,"column":4},"end":{"line":153,"column":57}},"66":{"start":{"line":153,"column":8},"end":{"line":153,"column":57}},"67":{"start":{"line":155,"column":4},"end":{"line":156,"column":44}},"68":{"start":{"line":156,"column":8},"end":{"line":156,"column":44}},"69":{"start":{"line":157,"column":4},"end":{"line":157,"column":18}}},"fnMap":{"0":{"name":"getEventsAPI","decl":{"start":{"line":5,"column":22},"end":{"line":5,"column":34}},"loc":{"start":{"line":5,"column":70},"end":{"line":24,"column":1}},"line":5},"1":{"name":"(anonymous_1)","decl":{"start":{"line":13,"column":31},"end":{"line":13,"column":32}},"loc":{"start":{"line":14,"column":8},"end":{"line":16,"column":57}},"line":14},"2":{"name":"(anonymous_2)","decl":{"start":{"line":19,"column":50},"end":{"line":19,"column":51}},"loc":{"start":{"line":19,"column":59},"end":{"line":19,"column":117}},"line":19},"3":{"name":"addLengthStatistics","decl":{"start":{"line":26,"column":9},"end":{"line":26,"column":28}},"loc":{"start":{"line":26,"column":36},"end":{"line":88,"column":1}},"line":26},"4":{"name":"(anonymous_4)","decl":{"start":{"line":28,"column":31},"end":{"line":28,"column":32}},"loc":{"start":{"line":28,"column":41},"end":{"line":31,"column":5}},"line":28},"5":{"name":"(anonymous_5)","decl":{"start":{"line":32,"column":10},"end":{"line":32,"column":11}},"loc":{"start":{"line":32,"column":19},"end":{"line":32,"column":40}},"line":32},"6":{"name":"(anonymous_6)","decl":{"start":{"line":35,"column":43},"end":{"line":35,"column":44}},"loc":{"start":{"line":35,"column":48},"end":{"line":35,"column":52}},"line":35},"7":{"name":"(anonymous_7)","decl":{"start":{"line":36,"column":96},"end":{"line":36,"column":97}},"loc":{"start":{"line":36,"column":101},"end":{"line":36,"column":105}},"line":36},"8":{"name":"(anonymous_8)","decl":{"start":{"line":36,"column":121},"end":{"line":36,"column":122}},"loc":{"start":{"line":36,"column":126},"end":{"line":36,"column":130}},"line":36},"9":{"name":"(anonymous_9)","decl":{"start":{"line":37,"column":44},"end":{"line":37,"column":45}},"loc":{"start":{"line":37,"column":49},"end":{"line":37,"column":53}},"line":37},"10":{"name":"(anonymous_10)","decl":{"start":{"line":39,"column":19},"end":{"line":39,"column":20}},"loc":{"start":{"line":39,"column":30},"end":{"line":58,"column":5}},"line":39},"11":{"name":"(anonymous_11)","decl":{"start":{"line":62,"column":23},"end":{"line":62,"column":24}},"loc":{"start":{"line":62,"column":28},"end":{"line":62,"column":46}},"line":62},"12":{"name":"(anonymous_12)","decl":{"start":{"line":70,"column":26},"end":{"line":70,"column":27}},"loc":{"start":{"line":70,"column":31},"end":{"line":70,"column":49}},"line":70},"13":{"name":"(anonymous_13)","decl":{"start":{"line":78,"column":26},"end":{"line":78,"column":27}},"loc":{"start":{"line":78,"column":31},"end":{"line":78,"column":49}},"line":78},"14":{"name":"getEventAPI","decl":{"start":{"line":91,"column":22},"end":{"line":91,"column":33}},"loc":{"start":{"line":91,"column":38},"end":{"line":93,"column":1}},"line":91},"15":{"name":"(anonymous_15)","decl":{"start":{"line":92,"column":23},"end":{"line":92,"column":24}},"loc":{"start":{"line":92,"column":28},"end":{"line":92,"column":39}},"line":92},"16":{"name":"getEventsCountAPI","decl":{"start":{"line":95,"column":22},"end":{"line":95,"column":39}},"loc":{"start":{"line":95,"column":51},"end":{"line":106,"column":1}},"line":95},"17":{"name":"(anonymous_17)","decl":{"start":{"line":99,"column":31},"end":{"line":99,"column":32}},"loc":{"start":{"line":100,"column":8},"end":{"line":102,"column":57}},"line":100},"18":{"name":"addEventAPI","decl":{"start":{"line":108,"column":22},"end":{"line":108,"column":33}},"loc":{"start":{"line":108,"column":40},"end":{"line":121,"column":1}},"line":108},"19":{"name":"(anonymous_19)","decl":{"start":{"line":114,"column":41},"end":{"line":114,"column":42}},"loc":{"start":{"line":114,"column":50},"end":{"line":114,"column":58}},"line":114},"20":{"name":"updateEventAPI","decl":{"start":{"line":123,"column":22},"end":{"line":123,"column":36}},"loc":{"start":{"line":123,"column":46},"end":{"line":139,"column":1}},"line":123},"21":{"name":"deleteEventAPI","decl":{"start":{"line":141,"column":22},"end":{"line":141,"column":36}},"loc":{"start":{"line":141,"column":41},"end":{"line":145,"column":1}},"line":141},"22":{"name":"(anonymous_22)","decl":{"start":{"line":143,"column":43},"end":{"line":143,"column":44}},"loc":{"start":{"line":143,"column":48},"end":{"line":143,"column":59}},"line":143},"23":{"name":"validateEvent","decl":{"start":{"line":147,"column":16},"end":{"line":147,"column":29}},"loc":{"start":{"line":147,"column":36},"end":{"line":158,"column":1}},"line":147}},"branchMap":{"0":{"loc":{"start":{"line":14,"column":8},"end":{"line":16,"column":57}},"type":"binary-expr","locations":[{"start":{"line":14,"column":8},"end":{"line":14,"column":52}},{"start":{"line":15,"column":8},"end":{"line":15,"column":50}},{"start":{"line":16,"column":8},"end":{"line":16,"column":57}}],"line":14},"1":{"loc":{"start":{"line":19,"column":59},"end":{"line":19,"column":117}},"type":"cond-expr","locations":[{"start":{"line":19,"column":111},"end":{"line":19,"column":113}},{"start":{"line":19,"column":116},"end":{"line":19,"column":117}}],"line":19},"2":{"loc":{"start":{"line":36,"column":20},"end":{"line":36,"column":131}},"type":"cond-expr","locations":[{"start":{"line":36,"column":41},"end":{"line":36,"column":106}},{"start":{"line":36,"column":109},"end":{"line":36,"column":131}}],"line":36},"3":{"loc":{"start":{"line":40,"column":8},"end":{"line":45,"column":9}},"type":"if","locations":[{"start":{"line":40,"column":8},"end":{"line":45,"column":9}},{"start":{},"end":{}}],"line":40},"4":{"loc":{"start":{"line":46,"column":8},"end":{"line":51,"column":9}},"type":"if","locations":[{"start":{"line":46,"column":8},"end":{"line":51,"column":9}},{"start":{},"end":{}}],"line":46},"5":{"loc":{"start":{"line":52,"column":8},"end":{"line":57,"column":9}},"type":"if","locations":[{"start":{"line":52,"column":8},"end":{"line":57,"column":9}},{"start":{},"end":{}}],"line":52},"6":{"loc":{"start":{"line":62,"column":8},"end":{"line":68,"column":9}},"type":"if","locations":[{"start":{"line":62,"column":8},"end":{"line":68,"column":9}},{"start":{},"end":{}}],"line":62},"7":{"loc":{"start":{"line":70,"column":8},"end":{"line":76,"column":9}},"type":"if","locations":[{"start":{"line":70,"column":8},"end":{"line":76,"column":9}},{"start":{},"end":{}}],"line":70},"8":{"loc":{"start":{"line":78,"column":8},"end":{"line":84,"column":9}},"type":"if","locations":[{"start":{"line":78,"column":8},"end":{"line":84,"column":9}},{"start":{},"end":{}}],"line":78},"9":{"loc":{"start":{"line":100,"column":8},"end":{"line":102,"column":57}},"type":"binary-expr","locations":[{"start":{"line":100,"column":8},"end":{"line":100,"column":52}},{"start":{"line":101,"column":8},"end":{"line":101,"column":50}},{"start":{"line":102,"column":8},"end":{"line":102,"column":57}}],"line":100},"10":{"loc":{"start":{"line":112,"column":4},"end":{"line":112,"column":40}},"type":"if","locations":[{"start":{"line":112,"column":4},"end":{"line":112,"column":40}},{"start":{},"end":{}}],"line":112},"11":{"loc":{"start":{"line":127,"column":4},"end":{"line":127,"column":40}},"type":"if","locations":[{"start":{"line":127,"column":4},"end":{"line":127,"column":40}},{"start":{},"end":{}}],"line":127},"12":{"loc":{"start":{"line":150,"column":4},"end":{"line":150,"column":57}},"type":"if","locations":[{"start":{"line":150,"column":4},"end":{"line":150,"column":57}},{"start":{},"end":{}}],"line":150},"13":{"loc":{"start":{"line":152,"column":4},"end":{"line":153,"column":57}},"type":"if","locations":[{"start":{"line":152,"column":4},"end":{"line":153,"column":57}},{"start":{},"end":{}}],"line":152},"14":{"loc":{"start":{"line":155,"column":4},"end":{"line":156,"column":44}},"type":"if","locations":[{"start":{"line":155,"column":4},"end":{"line":156,"column":44}},{"start":{},"end":{}}],"line":155}},"s":{"0":1,"1":1,"2":1,"3":1,"4":1,"5":25,"6":1,"7":4,"8":1,"9":1,"10":3,"11":4,"12":1,"13":1,"14":2,"15":1,"16":1,"17":0,"18":1,"19":2,"20":1,"21":3,"22":1,"23":3,"24":1,"25":3,"26":0,"27":1,"28":1,"29":3,"30":6,"31":2,"32":3,"33":6,"34":2,"35":3,"36":3,"37":1,"38":1,"39":4,"40":102,"41":1,"42":1,"43":1,"44":25,"45":1,"46":1,"47":1,"48":0,"49":1,"50":25,"51":1,"52":1,"53":1,"54":0,"55":1,"56":1,"57":1,"58":1,"59":2,"60":52,"61":2,"62":7,"63":7,"64":1,"65":7,"66":1,"67":7,"68":1,"69":7},"f":{"0":1,"1":25,"2":4,"3":1,"4":3,"5":4,"6":2,"7":1,"8":0,"9":2,"10":3,"11":6,"12":6,"13":3,"14":4,"15":102,"16":1,"17":25,"18":1,"19":25,"20":1,"21":2,"22":52,"23":7},"b":{"0":[25,25,5],"1":[2,2],"2":[1,0],"3":[1,2],"4":[1,2],"5":[0,3],"6":[2,1],"7":[2,1],"8":[1,2],"9":[25,25,5],"10":[0,1],"11":[0,1],"12":[1,6],"13":[1,6],"14":[1,6]},"_coverageSchema":"1a1c01bbd47fc00a2c39e90264f33305004495a9","hash":"cc40f236ceda0912689151cb03b88d7ec671e036"}
}
