TN:
SF:src\services\eventsService.js
FN:35,getEventsAPI
FN:43,(anonymous_1)
FN:49,(anonymous_2)
FN:56,addLengthStatistics
FN:58,(anonymous_4)
FN:62,(anonymous_5)
FN:65,(anonymous_6)
FN:66,(anonymous_7)
FN:66,(anonymous_8)
FN:67,(anonymous_9)
FN:69,(anonymous_10)
FN:92,(anonymous_11)
FN:100,(anonymous_12)
FN:108,(anonymous_13)
FN:121,getEventAPI
FN:122,(anonymous_15)
FN:125,getEventsCountAPI
FN:129,(anonymous_17)
FN:138,addEventAPI
FN:144,(anonymous_19)
FN:153,updateEventAPI
FN:171,deleteEventAPI
FN:173,(anonymous_22)
FN:177,validateEvent
FNF:24
FNH:23
FNDA:1,getEventsAPI
FNDA:25,(anonymous_1)
FNDA:4,(anonymous_2)
FNDA:1,addLengthStatistics
FNDA:3,(anonymous_4)
FNDA:4,(anonymous_5)
FNDA:2,(anonymous_6)
FNDA:1,(anonymous_7)
FNDA:0,(anonymous_8)
FNDA:2,(anonymous_9)
FNDA:3,(anonymous_10)
FNDA:6,(anonymous_11)
FNDA:6,(anonymous_12)
FNDA:3,(anonymous_13)
FNDA:4,getEventAPI
FNDA:102,(anonymous_15)
FNDA:1,getEventsCountAPI
FNDA:25,(anonymous_17)
FNDA:1,addEventAPI
FNDA:25,(anonymous_19)
FNDA:1,updateEventAPI
FNDA:2,deleteEventAPI
FNDA:52,(anonymous_22)
FNDA:7,validateEvent
DA:3,1
DA:37,1
DA:38,1
DA:40,1
DA:41,1
DA:43,1
DA:44,25
DA:49,4
DA:53,1
DA:58,3
DA:62,4
DA:64,1
DA:65,2
DA:66,1
DA:67,2
DA:69,1
DA:70,3
DA:71,1
DA:76,3
DA:77,1
DA:82,3
DA:83,0
DA:90,1
DA:92,6
DA:94,2
DA:100,6
DA:102,2
DA:108,3
DA:110,1
DA:117,1
DA:122,102
DA:126,1
DA:127,1
DA:129,1
DA:130,25
DA:135,1
DA:140,1
DA:142,1
DA:144,25
DA:146,1
DA:155,1
DA:157,1
DA:159,1
DA:163,1
DA:165,1
DA:167,1
DA:173,52
DA:174,2
DA:178,7
DA:180,7
DA:182,7
DA:183,1
DA:185,7
DA:186,1
DA:187,7
LF:55
LH:54
BRDA:44,0,0,25
BRDA:44,0,1,25
BRDA:44,0,2,5
BRDA:49,1,0,2
BRDA:49,1,1,2
BRDA:66,2,0,1
BRDA:66,2,1,0
BRDA:70,3,0,1
BRDA:70,3,1,2
BRDA:76,4,0,1
BRDA:76,4,1,2
BRDA:82,5,0,0
BRDA:82,5,1,3
BRDA:92,6,0,2
BRDA:92,6,1,1
BRDA:100,7,0,2
BRDA:100,7,1,1
BRDA:108,8,0,1
BRDA:108,8,1,2
BRDA:130,9,0,25
BRDA:130,9,1,25
BRDA:130,9,2,5
BRDA:142,10,0,0
BRDA:142,10,1,1
BRDA:157,11,0,0
BRDA:157,11,1,1
BRDA:180,12,0,1
BRDA:180,12,1,6
BRDA:182,13,0,1
BRDA:182,13,1,6
BRDA:185,14,0,1
BRDA:185,14,1,6
BRF:32
BRH:28
end_of_record
