TN:
SF:src\services\data.js
FNF:0
FNH:0
DA:1,1
LF:1
LH:1
BRF:0
BRH:0
end_of_record
TN:
SF:src\services\eventsService.js
FN:5,getEventsAPI
FN:13,(anonymous_1)
FN:19,(anonymous_2)
FN:26,addLengthStatistics
FN:28,(anonymous_4)
FN:32,(anonymous_5)
FN:35,(anonymous_6)
FN:36,(anonymous_7)
FN:36,(anonymous_8)
FN:37,(anonymous_9)
FN:39,(anonymous_10)
FN:62,(anonymous_11)
FN:70,(anonymous_12)
FN:78,(anonymous_13)
FN:91,getEventAPI
FN:92,(anonymous_15)
FN:95,getEventsCountAPI
FN:99,(anonymous_17)
FN:108,addEventAPI
FN:114,(anonymous_19)
FN:123,updateEventAPI
FN:141,deleteEventAPI
FN:143,(anonymous_22)
FN:147,validateEvent
FNF:24
FNH:23
FNDA:1,getEventsAPI
FNDA:25,(anonymous_1)
FNDA:4,(anonymous_2)
FNDA:1,addLengthStatistics
FNDA:3,(anonymous_4)
FNDA:4,(anonymous_5)
FNDA:2,(anonymous_6)
FNDA:1,(anonymous_7)
FNDA:0,(anonymous_8)
FNDA:2,(anonymous_9)
FNDA:3,(anonymous_10)
FNDA:6,(anonymous_11)
FNDA:6,(anonymous_12)
FNDA:3,(anonymous_13)
FNDA:4,getEventAPI
FNDA:102,(anonymous_15)
FNDA:1,getEventsCountAPI
FNDA:25,(anonymous_17)
FNDA:1,addEventAPI
FNDA:25,(anonymous_19)
FNDA:1,updateEventAPI
FNDA:2,deleteEventAPI
FNDA:52,(anonymous_22)
FNDA:7,validateEvent
DA:7,1
DA:8,1
DA:10,1
DA:11,1
DA:13,1
DA:14,25
DA:19,4
DA:23,1
DA:28,3
DA:32,4
DA:34,1
DA:35,2
DA:36,1
DA:37,2
DA:39,1
DA:40,3
DA:41,1
DA:46,3
DA:47,1
DA:52,3
DA:53,0
DA:60,1
DA:62,6
DA:64,2
DA:70,6
DA:72,2
DA:78,3
DA:80,1
DA:87,1
DA:92,102
DA:96,1
DA:97,1
DA:99,1
DA:100,25
DA:105,1
DA:110,1
DA:112,1
DA:114,25
DA:116,1
DA:125,1
DA:127,1
DA:129,1
DA:133,1
DA:135,1
DA:137,1
DA:143,52
DA:144,2
DA:148,7
DA:150,7
DA:152,7
DA:153,1
DA:155,7
DA:156,1
DA:157,7
LF:54
LH:53
BRDA:14,0,0,25
BRDA:14,0,1,25
BRDA:14,0,2,5
BRDA:19,1,0,2
BRDA:19,1,1,2
BRDA:36,2,0,1
BRDA:36,2,1,0
BRDA:40,3,0,1
BRDA:40,3,1,2
BRDA:46,4,0,1
BRDA:46,4,1,2
BRDA:52,5,0,0
BRDA:52,5,1,3
BRDA:62,6,0,2
BRDA:62,6,1,1
BRDA:70,7,0,2
BRDA:70,7,1,1
BRDA:78,8,0,1
BRDA:78,8,1,2
BRDA:100,9,0,25
BRDA:100,9,1,25
BRDA:100,9,2,5
BRDA:112,10,0,0
BRDA:112,10,1,1
BRDA:127,11,0,0
BRDA:127,11,1,1
BRDA:150,12,0,1
BRDA:150,12,1,6
BRDA:152,13,0,1
BRDA:152,13,1,6
BRDA:155,14,0,1
BRDA:155,14,1,6
BRF:32
BRH:28
end_of_record
